0 info it worked if it ends with ok
1 verbose cli [ '/usr/local/bin/node', '/usr/local/bin/npm', 'adduser' ]
2 info using npm@1.4.3
3 info using node@v0.10.29
4 verbose adduser before first PUT { name: 'nick',
4 verbose adduser   salt: 'XXXXX',
4 verbose adduser   password_sha: 'XXXXX',
4 verbose adduser   email: 'nick@npbee.me',
4 verbose adduser   _id: 'org.couchdb.user:nick',
4 verbose adduser   type: 'user',
4 verbose adduser   roles: [],
4 verbose adduser   date: '2014-08-05T11:53:12.724Z' }
5 verbose url raw /-/user/org.couchdb.user:nick
6 verbose url resolving [ 'https://registry.npmjs.org/',
6 verbose url resolving   './-/user/org.couchdb.user:nick' ]
7 verbose url resolved https://registry.npmjs.org/-/user/org.couchdb.user:nick
8 info trying registry request attempt 1 at 06:53:12
9 http PUT https://registry.npmjs.org/-/user/org.couchdb.user:nick
10 http 409 https://registry.npmjs.org/-/user/org.couchdb.user:nick
11 verbose adduser update existing user
12 verbose url raw /-/user/org.couchdb.user:nick?write=true
13 verbose url resolving [ 'https://registry.npmjs.org/',
13 verbose url resolving   './-/user/org.couchdb.user:nick?write=true' ]
14 verbose url resolved https://registry.npmjs.org/-/user/org.couchdb.user:nick?write=true
15 info trying registry request attempt 1 at 06:53:13
16 http GET https://registry.npmjs.org/-/user/org.couchdb.user:nick?write=true
17 http 200 https://registry.npmjs.org/-/user/org.couchdb.user:nick?write=true
18 verbose adduser userobj { name: 'nick',
18 verbose adduser   salt: 'XXXXX',
18 verbose adduser   password_sha: 'XXXXX',
18 verbose adduser   email: 'nick@npbee.me',
18 verbose adduser   _id: 'org.couchdb.user:nick',
18 verbose adduser   type: 'user',
18 verbose adduser   roles: [],
18 verbose adduser   date: '2014-08-05T11:53:12.724Z' }
19 verbose url raw /-/user/org.couchdb.user:nick/-rev/1-f33e9ccb67298473b9bd2a54da9a768a
20 verbose url resolving [ 'https://registry.npmjs.org/',
20 verbose url resolving   './-/user/org.couchdb.user:nick/-rev/1-f33e9ccb67298473b9bd2a54da9a768a' ]
21 verbose url resolved https://registry.npmjs.org/-/user/org.couchdb.user:nick/-rev/1-f33e9ccb67298473b9bd2a54da9a768a
22 info trying registry request attempt 1 at 06:53:13
23 http PUT https://registry.npmjs.org/-/user/org.couchdb.user:nick/-rev/1-f33e9ccb67298473b9bd2a54da9a768a
24 http 401 https://registry.npmjs.org/-/user/org.couchdb.user:nick/-rev/1-f33e9ccb67298473b9bd2a54da9a768a
25 verbose adduser back [ [Error: unauthorized Name or password is incorrect.: -/user/org.couchdb.user:nick/-rev/1-f33e9ccb67298473b9bd2a54da9a768a],
25 verbose adduser   { error: 'unauthorized',
25 verbose adduser     reason: 'Name or password is incorrect.' },
25 verbose adduser   '{"error":"unauthorized","reason":"Name or password is incorrect."}' ]
26 warn adduser Incorrect username or password
26 warn adduser You can reset your account by visiting:
26 warn adduser
26 warn adduser     https://npmjs.org/forgot
27 error Error: unauthorized Name or password is incorrect.: -/user/org.couchdb.user:nick/-rev/1-f33e9ccb67298473b9bd2a54da9a768a
27 error     at RegClient.<anonymous> (/usr/local/Cellar/node/0.10.26/lib/node_modules/npm/node_modules/npm-registry-client/lib/request.js:237:14)
27 error     at Request.self.callback (/usr/local/Cellar/node/0.10.26/lib/node_modules/npm/node_modules/request/request.js:123:22)
27 error     at Request.emit (events.js:98:17)
27 error     at Request.<anonymous> (/usr/local/Cellar/node/0.10.26/lib/node_modules/npm/node_modules/request/request.js:893:14)
27 error     at Request.emit (events.js:117:20)
27 error     at IncomingMessage.<anonymous> (/usr/local/Cellar/node/0.10.26/lib/node_modules/npm/node_modules/request/request.js:844:12)
27 error     at IncomingMessage.emit (events.js:117:20)
27 error     at _stream_readable.js:929:16
27 error     at process._tickCallback (node.js:419:13)
28 error If you need help, you may report this *entire* log,
28 error including the npm and node versions, at:
28 error     <http://github.com/npm/npm/issues>
29 error System Darwin 13.3.0
30 error command "/usr/local/bin/node" "/usr/local/bin/npm" "adduser"
31 error cwd /Users/nicholaspball/Sites/npb/rails
32 error node -v v0.10.29
33 error npm -v 1.4.3
34 verbose exit [ 1, true ]
